#
# A fatal error has been detected by the Java Runtime Environment:
#
#  Internal Error (os_windows_x86.cpp:114), pid=10588, tid=10620
#  Error: guarantee(result == -1,"Unexpected result from topLevelExceptionFilter")
#
# JRE version: 6.0_17-b04
# Java VM: Java HotSpot(TM) 64-Bit Server VM (14.3-b01 mixed mode windows-amd64 )
# If you would like to submit a bug report, please visit:
#   http://java.sun.com/webapps/bugreport/crash.jsp
# The crash happened outside the Java Virtual Machine in native code.
# See problematic frame for where to report the bug.
#

---------------  T H R E A D  ---------------

Current thread (0x0000000004dae800):  JavaThread "main" [_thread_in_native, id=10620, stack(0x0000000000170000,0x0000000004170000)]

Stack: [0x0000000000170000,0x0000000004170000]
[error occurred during error reporting (printing stack bounds), id 0xc0000005]

Java frames: (J=compiled Java code, j=interpreted, Vv=VM code)
j  com.mathworks.jmi.NativeMatlab.ProcessPendingEvents()Z+0
j  com.mathworks.jmi.NativeMatlab.processPendingEvents()Z+8
j  com.mathworks.jmi.Matlab$ProcessPendingEvents.callBooleanMethod(Ljava/lang/Object;)Z+0
j  com.mathworks.util.FactoryUtils.processPendingEvents()Z+12
j  com.mathworks.mde.desk.MLDesktop.canClose()Z+84
j  com.mathworks.mde.desk.MLDesktop$2.call()Ljava/lang/Boolean;+4
j  com.mathworks.mde.desk.MLDesktop$2.call()Ljava/lang/Object;+1
j  com.mathworks.jmi.Matlab.isOkToExit()Z+54
v  ~StubRoutines::call_stub
j  com.mathworks.jmi.NativeMatlab.SendMatlabMessage(Ljava/lang/Object;)Ljava/lang/Object;+0
j  com.mathworks.jmi.NativeMatlab.sendMatlabMessage(Ljava/lang/Object;)Ljava/lang/Object;+22
j  com.mathworks.jmi.MatlabLooper.sendMatlabMessage(Lcom/mathworks/services/message/MWMessage;)Ljava/lang/Object;+20
j  com.mathworks.jmi.Matlab.mtFevalConsoleOutput(Ljava/lang/String;[Ljava/lang/Object;I)Ljava/lang/Object;+58
j  com.mathworks.mde.desk.MLDesktop$9.run()V+14
j  com.mathworks.jmi.NativeMatlab.dispatchMTRequests(Z)V+57
v  ~StubRoutines::call_stub

---------------  P R O C E S S  ---------------

Java Threads: ( => current thread )
  0x000000006a5b7800 JavaThread "Timer-518" [_thread_blocked, id=8208, stack(0x0000000022f60000,0x0000000022fe0000)]
  0x000000006a5af800 JavaThread "pool-3-thread-1" [_thread_blocked, id=10384, stack(0x00000000214c0000,0x0000000021540000)]
  0x000000006a5ac800 JavaThread "pool-5-thread-1" [_thread_blocked, id=9276, stack(0x0000000021560000,0x00000000215e0000)]
  0x000000006a5ae800 JavaThread "RequestQueue for GenericFileList" [_thread_blocked, id=9448, stack(0x0000000022e30000,0x0000000022eb0000)]
  0x000000006a5b3800 JavaThread "Code Analyzer updating thread" [_thread_blocked, id=8572, stack(0x0000000064900000,0x0000000064980000)]
  0x000000006a5b3000 JavaThread "Code Analyzer updating thread" [_thread_blocked, id=8708, stack(0x00000000620b0000,0x0000000062130000)]
  0x000000006a5ac000 JavaThread "Code Analyzer updating thread" [_thread_blocked, id=8560, stack(0x0000000069880000,0x0000000069900000)]
  0x000000006a5b2800 JavaThread "Code Analyzer updating thread" [_thread_blocked, id=8612, stack(0x00000000660a0000,0x0000000066120000)]
  0x000000006a5b1800 JavaThread "Active Reference Queue Daemon" daemon [_thread_blocked, id=8548, stack(0x0000000062000000,0x0000000062080000)]
  0x000000006a5b1000 JavaThread "Timer-7" daemon [_thread_blocked, id=8480, stack(0x0000000065ec0000,0x0000000065f40000)]
  0x000000006a5ad000 JavaThread "Timer-6" daemon [_thread_blocked, id=8492, stack(0x0000000055890000,0x0000000055910000)]
  0x000000006a5ae000 JavaThread "Timer-1" [_thread_blocked, id=8076, stack(0x0000000065c60000,0x0000000065ce0000)]
  0x0000000004d30800 JavaThread "FelixPackageAdmin" daemon [_thread_blocked, id=7520, stack(0x0000000041530000,0x00000000415b0000)]
  0x0000000004d2f800 JavaThread "FelixStartLevel" daemon [_thread_blocked, id=8744, stack(0x0000000065bd0000,0x0000000065c50000)]
  0x000000006a5c8800 JavaThread "FelixDispatchQueue" daemon [_thread_blocked, id=7508, stack(0x0000000064a50000,0x0000000064ad0000)]
  0x000000000fe21800 JavaThread "TimerQueue" daemon [_thread_blocked, id=4608, stack(0x000000000fe90000,0x000000000ff10000)]
  0x000000006a48a800 JavaThread "AWT-EventQueue-0" [_thread_in_vm, id=7060, stack(0x0000000041400000,0x0000000041480000)]
  0x000000006a342800 JavaThread "AWT-Shutdown" [_thread_blocked, id=7044, stack(0x0000000055800000,0x0000000055880000)]
  0x000000006a205000 JavaThread "com.google.common.base.internal.Finalizer" daemon [_thread_blocked, id=6636, stack(0x0000000014ea0000,0x0000000014f20000)]
  0x0000000066366000 JavaThread "AWT-Windows" daemon [_thread_in_native, id=6820, stack(0x000000003d340000,0x000000003d3c0000)]
  0x0000000004d3f000 JavaThread "Java2D Disposer" daemon [_thread_blocked, id=8176, stack(0x0000000014f30000,0x0000000014fb0000)]
  0x0000000066855000 JavaThread "Timer-0" [_thread_blocked, id=6220, stack(0x000000000ff20000,0x000000000ffa0000)]
  0x0000000061ec9000 JavaThread "JMI Unnamed Thread" [_thread_in_native, id=4980, stack(0x000000000bb00000,0x000000000fb00000)]
  0x000000000fd8f800 JavaThread "Low Memory Detector" daemon [_thread_blocked, id=4876, stack(0x000000000ba60000,0x000000000bae0000)]
  0x000000000fd8c000 JavaThread "CompilerThread1" daemon [_thread_blocked, id=9600, stack(0x0000000059b30000,0x000000005db30000)]
  0x000000000fd7e000 JavaThread "CompilerThread0" daemon [_thread_blocked, id=268, stack(0x0000000055970000,0x0000000059970000)]
  0x000000000fd7b800 JavaThread "Attach Listener" daemon [_thread_blocked, id=9604, stack(0x000000000b9b0000,0x000000000ba30000)]
  0x000000000fd2b000 JavaThread "Finalizer" daemon [_thread_blocked, id=10676, stack(0x000000000fb20000,0x000000000fba0000)]
  0x0000000004d3a000 JavaThread "Reference Handler" daemon [_thread_blocked, id=4852, stack(0x00000000075e0000,0x0000000007660000)]
=>0x0000000004dae800 JavaThread "main" [_thread_in_native, id=10620, stack(0x0000000000170000,0x0000000004170000)]

Other Threads:
  0x000000000fd22000 VMThread [stack: 0x00000000517f0000,0x00000000557f0000] [id=4936]
  0x000000000fda3800 WatcherThread [stack: 0x000000005dba0000,0x0000000061ba0000] [id=11112]

VM state:not at safepoint (normal execution)

VM Mutex/Monitor currently owned by a thread: None

Heap
 PSYoungGen      total 24128K, used 12566K [0x000000003a1f0000, 0x000000003c4b0000, 0x000000003d2f0000)
  eden space 22272K, 48% used [0x000000003a1f0000,0x000000003ac747c0,0x000000003b7b0000)
  from space 1856K, 96% used [0x000000003b840000,0x000000003ba011d8,0x000000003ba10000)
  to   space 6656K, 0% used [0x000000003be30000,0x000000003be30000,0x000000003c4b0000)
 PSOldGen        total 103872K, used 90841K [0x0000000030ef0000, 0x0000000037460000, 0x000000003a1f0000)
  object space 103872K, 87% used [0x0000000030ef0000,0x00000000367a6790,0x0000000037460000)
 PSPermGen       total 111168K, used 62581K [0x0000000028ef0000, 0x000000002fb80000, 0x0000000030ef0000)
  object space 111168K, 56% used [0x0000000028ef0000,0x000000002cc0d770,0x000000002fb80000)

Dynamic libraries:
0x000000013fdf0000 - 0x000000013fe19000 	C:\Program Files\MATLAB\R2011b\bin\win64\MATLAB.exe
0x0000000077760000 - 0x0000000077909000 	C:\Windows\SYSTEM32\ntdll.dll
0x0000000077640000 - 0x000000007775f000 	C:\Windows\system32\kernel32.dll
0x000007fefd900000 - 0x000007fefd96b000 	C:\Windows\system32\KERNELBASE.dll
0x0000000074460000 - 0x0000000074563000 	C:\Program Files\MATLAB\R2011b\bin\win64\libut.dll
0x00000000758a0000 - 0x0000000075944000 	C:\Program Files\MATLAB\R2011b\bin\win64\libmwi18n.dll
0x0000000180000000 - 0x000000018000b000 	C:\Program Files\MATLAB\R2011b\bin\win64\libmwresource_core.dll
0x0000000071c20000 - 0x0000000071cf3000 	C:\Windows\WinSxS\amd64_microsoft.vc90.crt_1fc8b3b9a1e18e3b_9.0.30729.4940_none_08e4299fa83d7e3c\MSVCP90.dll
0x0000000071d00000 - 0x0000000071d9d000 	C:\Windows\WinSxS\amd64_microsoft.vc90.crt_1fc8b3b9a1e18e3b_9.0.30729.4940_none_08e4299fa83d7e3c\MSVCR90.dll
0x000000007a170000 - 0x000000007a19c000 	C:\Program Files\MATLAB\R2011b\bin\win64\boost_filesystem-vc90-mt-1_44.dll
0x000000007a560000 - 0x000000007a569000 	C:\Program Files\MATLAB\R2011b\bin\win64\boost_system-vc90-mt-1_44.dll
0x000007fefe790000 - 0x000007fefe86b000 	C:\Windows\system32\ADVAPI32.dll
0x000007fefdec0000 - 0x000007fefdf5f000 	C:\Windows\system32\msvcrt.dll
0x000007fefdf60000 - 0x000007fefdf7f000 	C:\Windows\SYSTEM32\sechost.dll
0x000007fefdd90000 - 0x000007fefdebd000 	C:\Windows\system32\RPCRT4.dll
0x000000007a010000 - 0x000000007a035000 	C:\Program Files\MATLAB\R2011b\bin\win64\LIBEXPAT.dll
0x0000000069a40000 - 0x0000000069c31000 	C:\Program Files\MATLAB\R2011b\bin\win64\icuin44.dll
0x0000000069cc0000 - 0x0000000069e31000 	C:\Program Files\MATLAB\R2011b\bin\win64\icuuc44.dll
0x0000000010000000 - 0x0000000010e41000 	C:\Program Files\MATLAB\R2011b\bin\win64\icudt44.dll
0x0000000073f70000 - 0x00000000740b5000 	C:\Program Files\MATLAB\R2011b\bin\win64\libmwfl.dll
0x000000007a350000 - 0x000000007a556000 	C:\Program Files\MATLAB\R2011b\bin\win64\libmwMATLAB_res.dll
0x0000000000160000 - 0x0000000000170000 	C:\Program Files\MATLAB\R2011b\bin\win64\boost_date_time-vc90-mt-1_44.dll
0x000000007a250000 - 0x000000007a263000 	C:\Program Files\MATLAB\R2011b\bin\win64\boost_signals-vc90-mt-1_44.dll
0x000000007a2d0000 - 0x000000007a2e2000 	C:\Program Files\MATLAB\R2011b\bin\win64\boost_thread-vc90-mt-1_44.dll
0x00000000041a0000 - 0x00000000041e6000 	C:\Program Files\MATLAB\R2011b\bin\win64\tbb.dll
0x000007fefd9c0000 - 0x000007fefd9d9000 	C:\Windows\system32\imagehlp.dll
0x0000000077920000 - 0x0000000077927000 	C:\Windows\system32\PSAPI.DLL
0x00000000740f0000 - 0x0000000074103000 	C:\Program Files\MATLAB\R2011b\bin\win64\icuio44.dll
0x000007fef6380000 - 0x000007fef64a5000 	C:\Windows\system32\dbghelp.dll
0x0000000077540000 - 0x000000007763a000 	C:\Windows\system32\USER32.dll
0x000007fefdd20000 - 0x000007fefdd87000 	C:\Windows\system32\GDI32.dll
0x000007fefe620000 - 0x000007fefe62e000 	C:\Windows\system32\LPK.dll
0x000007feff7f0000 - 0x000007feff8b9000 	C:\Windows\system32\USP10.dll
0x000000007bed0000 - 0x000000007c148000 	C:\Program Files\MATLAB\R2011b\bin\win64\libmwservices.dll
0x0000000075a20000 - 0x0000000075ad5000 	C:\Program Files\MATLAB\R2011b\bin\win64\libmx.dll
0x000000007a210000 - 0x000000007a228000 	C:\Program Files\MATLAB\R2011b\bin\win64\zlib1.dll
0x0000000074330000 - 0x0000000074453000 	C:\Program Files\MATLAB\R2011b\bin\win64\libmwmathutil.dll
0x0000000075f10000 - 0x0000000075f5d000 	C:\Program Files\MATLAB\R2011b\bin\win64\mpath.dll
0x000000007b680000 - 0x000000007bb4d000 	C:\Program Files\MATLAB\R2011b\bin\win64\mlutil.dll
0x000000006b840000 - 0x000000006b8bf000 	C:\Program Files\MATLAB\R2011b\bin\win64\xmlcore.dll
0x000000007bc30000 - 0x000000007be83000 	C:\Program Files\MATLAB\R2011b\bin\win64\xerces-c_2_7.dll
0x000007fefd970000 - 0x000007fefd9bd000 	C:\Windows\system32\WS2_32.dll
0x000007feff7e0000 - 0x000007feff7e8000 	C:\Windows\system32\NSI.dll
0x0000000004390000 - 0x00000000043a6000 	C:\Program Files\MATLAB\R2011b\bin\win64\libmwsettings_res.dll
0x00000000043c0000 - 0x0000000004407000 	C:\Program Files\MATLAB\R2011b\bin\win64\boost_serialization-vc90-mt-1_44.dll
0x000007fefe870000 - 0x000007feff5f8000 	C:\Windows\system32\SHELL32.dll
0x000007fefe210000 - 0x000007fefe281000 	C:\Windows\system32\SHLWAPI.dll
0x000007fef9b10000 - 0x000007fef9bb0000 	C:\Windows\WinSxS\amd64_microsoft.windows.common-controls_6595b64144ccf1df_5.82.7601.18201_none_a4d3b9377117c3df\COMCTL32.dll
0x000007feff8c0000 - 0x000007feff957000 	C:\Windows\system32\COMDLG32.dll
0x000007fefa5f0000 - 0x000007fefa606000 	C:\Windows\system32\NETAPI32.dll
0x000007fefa5e0000 - 0x000007fefa5ec000 	C:\Windows\system32\netutils.dll
0x000007fefd2f0000 - 0x000007fefd313000 	C:\Windows\system32\srvcli.dll
0x000007fefa5c0000 - 0x000007fefa5d5000 	C:\Windows\system32\wkscli.dll
0x000007fefe310000 - 0x000007fefe513000 	C:\Windows\system32\ole32.dll
0x000007fefda10000 - 0x000007fefdae7000 	C:\Windows\system32\OLEAUT32.dll
0x0000000074970000 - 0x0000000074a41000 	C:\Program Files\MATLAB\R2011b\bin\win64\mcr.dll
0x0000000075000000 - 0x0000000075324000 	C:\Program Files\MATLAB\R2011b\bin\win64\iqm.dll
0x0000000068ca0000 - 0x0000000069470000 	C:\Program Files\MATLAB\R2011b\bin\win64\m_interpreter.dll
0x0000000074270000 - 0x0000000074285000 	C:\Program Files\MATLAB\R2011b\bin\win64\libmex.dll
0x0000000068ad0000 - 0x0000000068b7e000 	C:\Program Files\MATLAB\R2011b\bin\win64\m_dispatcher.dll
0x0000000074880000 - 0x000000007496d000 	C:\Program Files\MATLAB\R2011b\bin\win64\boost_regex-vc90-mt-1_44.dll
0x0000000068a40000 - 0x0000000068ac4000 	C:\Program Files\MATLAB\R2011b\bin\win64\profiler.dll
0x0000000079f40000 - 0x0000000079f73000 	C:\Program Files\MATLAB\R2011b\bin\win64\libmwmathrng.dll
0x0000000074c10000 - 0x0000000074cea000 	C:\Program Files\MATLAB\R2011b\bin\win64\libmwmathcore.dll
0x0000000076160000 - 0x00000000761cb000 	C:\Program Files\MATLAB\R2011b\bin\win64\libmwspmatrix.dll
0x0000000075ea0000 - 0x0000000075f02000 	C:\Program Files\MATLAB\R2011b\bin\win64\libmwcholmod.dll
0x00000000044d0000 - 0x00000000044dd000 	C:\Program Files\MATLAB\R2011b\bin\win64\libmwamd.dll
0x00000000044f0000 - 0x00000000044fc000 	C:\Program Files\MATLAB\R2011b\bin\win64\libmwcolamd.dll
0x0000000004510000 - 0x0000000004529000 	C:\Program Files\MATLAB\R2011b\bin\win64\libmwblas.dll
0x0000000004540000 - 0x0000000004552000 	C:\Program Files\MATLAB\R2011b\bin\win64\libmwbinder.dll
0x0000000074260000 - 0x000000007426b000 	C:\Program Files\MATLAB\R2011b\bin\win64\libmwompwrapper.dll
0x0000000068450000 - 0x00000000684d2000 	C:\Program Files\MATLAB\R2011b\bin\win64\libmwlapack.dll
0x0000000073e80000 - 0x0000000073ea1000 	C:\Program Files\MATLAB\R2011b\bin\win64\m_pcodeio.dll
0x0000000079b10000 - 0x0000000079b77000 	C:\Program Files\MATLAB\R2011b\bin\win64\m_ir.dll
0x0000000067e10000 - 0x0000000068450000 	C:\Program Files\MATLAB\R2011b\bin\win64\m_parser.dll
0x000000006fa50000 - 0x000000006fa6a000 	C:\Program Files\MATLAB\R2011b\bin\win64\ir_xfmr.dll
0x0000000067b80000 - 0x0000000067e05000 	C:\Program Files\MATLAB\R2011b\bin\win64\mcos.dll
0x00000000045e0000 - 0x00000000045ec000 	C:\Program Files\MATLAB\R2011b\bin\win64\mtok.dll
0x000000006fa10000 - 0x000000006fa41000 	C:\Program Files\MATLAB\R2011b\bin\win64\m_pcodegen.dll
0x0000000079fb0000 - 0x0000000079fe5000 	C:\Program Files\MATLAB\R2011b\bin\win64\libmwbridge.dll
0x0000000068970000 - 0x0000000068a38000 	C:\Program Files\MATLAB\R2011b\bin\win64\udd.dll
0x0000000068820000 - 0x0000000068967000 	C:\Program Files\MATLAB\R2011b\bin\win64\libmwgui.dll
0x000000006b820000 - 0x000000006b837000 	C:\Program Files\MATLAB\R2011b\bin\win64\graphics_util.dll
0x00000000671d0000 - 0x0000000067b80000 	C:\Program Files\MATLAB\R2011b\bin\win64\hg.dll
0x0000000076100000 - 0x0000000076158000 	C:\Program Files\MATLAB\R2011b\bin\win64\libmat.dll
0x0000000072d30000 - 0x0000000072f44000 	C:\Program Files\MATLAB\R2011b\bin\win64\hdf5dll.dll
0x0000000075710000 - 0x000000007579d000 	C:\Program Files\MATLAB\R2011b\bin\win64\jmi.dll
0x0000000004690000 - 0x000000000469e000 	C:\Program Files\MATLAB\R2011b\bin\win64\nativejava_services.dll
0x00000000687d0000 - 0x0000000068813000 	C:\Program Files\MATLAB\R2011b\bin\win64\libmwhardcopy.dll
0x0000000068760000 - 0x00000000687c3000 	C:\Program Files\MATLAB\R2011b\bin\win64\libuij.dll
0x0000000068550000 - 0x0000000068757000 	C:\Program Files\MATLAB\R2011b\bin\win64\hgdatatypes.dll
0x00000000670d0000 - 0x00000000671c9000 	C:\Program Files\MATLAB\R2011b\bin\win64\hgutils.dll
0x0000000067010000 - 0x00000000670cd000 	C:\Program Files\MATLAB\R2011b\bin\win64\udd_mi.dll
0x0000000004700000 - 0x00000000049c9000 	C:\Program Files\MATLAB\R2011b\bin\win64\uiw.dll
0x0000000073e70000 - 0x0000000073e7f000 	C:\Program Files\MATLAB\R2011b\bin\win64\uinone.dll
0x000007fef9840000 - 0x000007fef9858000 	C:\Windows\system32\MPR.dll
0x0000000066b20000 - 0x0000000067004000 	C:\Windows\WinSxS\amd64_microsoft.vc90.mfc_1fc8b3b9a1e18e3b_9.0.30729.4148_none_04480933ab2137b1\mfc90.dll
0x000007fef9e70000 - 0x000007fef9e77000 	C:\Windows\system32\MSIMG32.dll
0x000007fef9bb0000 - 0x000007fef9c21000 	C:\Windows\system32\WINSPOOL.DRV
0x0000000068520000 - 0x0000000068541000 	C:\Program Files\MATLAB\R2011b\bin\win64\mwoles05.DLL
0x0000000066aa0000 - 0x0000000066b15000 	C:\Program Files\MATLAB\R2011b\bin\win64\comcli.dll
0x00000000684f0000 - 0x000000006851f000 	C:\Windows\WinSxS\amd64_microsoft.vc90.atl_1fc8b3b9a1e18e3b_9.0.30729.4148_none_0a1d2fcba76b3f00\ATL90.DLL
0x00000000740c0000 - 0x00000000740cc000 	C:\Program Files\MATLAB\R2011b\bin\win64\mlautoregister.dll
0x0000000004a20000 - 0x0000000004a30000 	C:\Program Files\MATLAB\R2011b\bin\win64\boost_iostreams-vc90-mt-1_44.dll
0x000007fefd9e0000 - 0x000007fefda0e000 	C:\Windows\system32\IMM32.DLL
0x000007feff960000 - 0x000007feffa69000 	C:\Windows\system32\MSCTF.dll
0x000007fefbb30000 - 0x000007fefbb86000 	C:\Windows\system32\UxTheme.dll
0x000007fefb750000 - 0x000007fefb768000 	C:\Windows\system32\dwmapi.dll
0x0000000004b70000 - 0x0000000004b99000 	C:\Program Files\MATLAB\R2011b\bin\win64\tbbmalloc.dll
0x000007fef8370000 - 0x000007fef8378000 	c:\PROGRA~2\mcafee\SITEAD~1\x64\saHook.dll
0x000007fefd540000 - 0x000007fefd54f000 	C:\Windows\system32\profapi.dll
0x000007fefb0f0000 - 0x000007fefb117000 	C:\Windows\system32\iphlpapi.dll
0x000007fefb0d0000 - 0x000007fefb0db000 	C:\Windows\system32\WINNSI.DLL
0x000007fefcc30000 - 0x000007fefcc8b000 	C:\Windows\system32\DNSAPI.dll
0x000007fefaee0000 - 0x000007fefaef8000 	C:\Windows\system32\dhcpcsvc.DLL
0x000007fefaea0000 - 0x000007fefaeb1000 	C:\Windows\system32\dhcpcsvc6.DLL
0x0000000071dc0000 - 0x0000000071dc3000 	C:\Windows\system32\icmp.Dll
0x000007fefd470000 - 0x000007fefd47f000 	C:\Windows\system32\CRYPTBASE.dll
0x000007fefd5f0000 - 0x000007fefd626000 	C:\Windows\system32\CFGMGR32.dll
0x0000000078870000 - 0x0000000078ecd000 	C:\Program Files\MATLAB\R2011b\sys\java\jre\win64\jre\bin\server\jvm.dll
0x000007fefb450000 - 0x000007fefb48b000 	C:\Windows\system32\WINMM.dll
0x0000000006d40000 - 0x0000000006d4e000 	C:\Program Files\MATLAB\R2011b\sys\java\jre\win64\jre\bin\verify.dll
0x000000007a070000 - 0x000000007a097000 	C:\Program Files\MATLAB\R2011b\sys\java\jre\win64\jre\bin\java.dll
0x0000000007150000 - 0x000000000715a000 	C:\Program Files\MATLAB\R2011b\sys\java\jre\win64\jre\bin\hpi.dll
0x0000000007370000 - 0x0000000007382000 	C:\Program Files\MATLAB\R2011b\sys\java\jre\win64\jre\bin\zip.dll
0x0000000075b90000 - 0x0000000075bfb000 	C:\Program Files\MATLAB\R2011b\sys\java\jre\win64\jre\bin\fontmanager.dll
0x0000000073150000 - 0x0000000073311000 	C:\Program Files\MATLAB\R2011b\sys\java\jre\win64\jre\bin\awt.dll
0x0000000079cf0000 - 0x0000000079d96000 	C:\Program Files\MATLAB\R2011b\bin\win64\nativejmi.dll

VM Arguments:
jvm_args: -Xss512k -XX:PermSize=32m -Xms64m -XX:NewRatio=3 -XX:MaxPermSize=128m -Xmx196m -XX:MaxDirectMemorySize=2147400000 -Dsun.java2d.noddraw=true -Dsun.awt.nopixfmt=true -Xshare:off -Xrs -Dsun.awt.disableMixing=true -Djava.library.path=C:\Program Files\MATLAB\R2011b\bin\win64 vfprintf abort 
java_command: <unknown>
Launcher Type: generic

Environment Variables:
PATH=C:\Program Files\Common Files\Microsoft Shared\Windows Live;C:\Program Files (x86)\Common Files\Microsoft Shared\Windows Live;C:\Program Files (x86)\NVIDIA Corporation\PhysX\Common;C:\Windows\system32;C:\Windows;C:\Windows\System32\Wbem;C:\Windows\System32\WindowsPowerShell\v1.0\;C:\Program Files (x86)\Sony\VAIO Startup Setting Tool;;C:\Program Files (x86)\Windows Live\Shared;C:\Program Files\MATLAB\R2011b\runtime\win64;C:\Program Files\MATLAB\R2011b\bin;C:\Program Files (x86)\CMake 2.8\bin;C:\Python25\Lib\site-packages\PyQt4;C:\cygwin64\;C:\opencv\bin\Debug;C:\opencv\bin\Release;C:\opencv\build\x86\vc10\bin;C:\cygwin64\bin
USERNAME=voladoddi
OS=Windows_NT
PROCESSOR_IDENTIFIER=Intel64 Family 6 Model 42 Stepping 7, GenuineIntel



---------------  S Y S T E M  ---------------

OS: Windows 7 Build 7601 Service Pack 1

CPU:total 4 (8 cores per cpu, 2 threads per core) family 6 model 42 stepping 7, cmov, cx8, fxsr, mmx, sse, sse2, sse3, ssse3, sse4.1, sse4.2, ht

Memory: 4k page, physical 2078576k(875788k free), swap 4157152k(1466376k free)

vm_info: Java HotSpot(TM) 64-Bit Server VM (14.3-b01) for windows-amd64 JRE (1.6.0_17-b04), built on Oct 11 2009 00:46:08 by "java_re" with MS VC++ 8.0

time: Wed Nov 27 17:25:21 2013
elapsed time: 8449 seconds

